<?xml version="1.0" encoding="UTF-8"?>
<testng-results ignored="0" total="1" passed="1" failed="0" skipped="0">
  <reporter-output>
  </reporter-output>
  <suite started-at="2023-12-07T09:51:03 IST" name="Default suite" finished-at="2023-12-07T09:51:15 IST" duration-ms="12550">
    <groups>
    </groups>
    <test started-at="2023-12-07T09:51:03 IST" name="Default test" finished-at="2023-12-07T09:51:15 IST" duration-ms="12550">
      <class name="com.practice.testfiles.LogInTest">
        <test-method is-config="true" signature="openBrowser()[pri:0, instance:com.practice.testfiles.LogInTest@313ac989]" started-at="2023-12-07T09:51:03 IST" name="openBrowser" finished-at="2023-12-07T09:51:13 IST" duration-ms="10002" status="PASS">
          <reporter-output>
          </reporter-output>
        </test-method> <!-- openBrowser -->
        <test-method signature="logInOrangeHRM()[pri:0, instance:com.practice.testfiles.LogInTest@313ac989]" started-at="2023-12-07T09:51:13 IST" name="logInOrangeHRM" finished-at="2023-12-07T09:51:14 IST" duration-ms="1287" status="PASS">
          <reporter-output>
          </reporter-output>
        </test-method> <!-- logInOrangeHRM -->
        <test-method is-config="true" signature="tearDown()[pri:0, instance:com.practice.testfiles.LogInTest@313ac989]" started-at="2023-12-07T09:51:14 IST" name="tearDown" finished-at="2023-12-07T09:51:15 IST" duration-ms="1163" status="PASS">
          <reporter-output>
          </reporter-output>
        </test-method> <!-- tearDown -->
      </class> <!-- com.practice.testfiles.LogInTest -->
    </test> <!-- Default test -->
  </suite> <!-- Default suite -->
</testng-results>
